<?xml version="1.0" encoding="UTF-8"?>
<!-- Generated by org.testng.reporters.JUnitReportReporter -->
<testsuite skipped="0" hostname="TYSS-4F-070" name="act.com.tests.verifyPageTitleTest" tests="1" failures="0" timestamp="22 Dec 2017 07:10:50 GMT" time="111.649" errors="0">
  <testcase name="testVerifyPageTitle" time="111.649" classname="act.com.tests.verifyPageTitleTest"/>
</testsuite> <!-- act.com.tests.verifyPageTitleTest -->
